Command line:
   Segment7_isim_beh.exe
     -simmode  gui
     -simrunnum  0
     -socket  52392

Fri Jul 23 09:50:23 2021


 Elaboration Time: 0.03125 sec

 Current Memory Usage: 5153.67 Meg

 Total Signals          : 21
 Total Nets             : 44
 Total Signal Drivers   : 8
 Total Blocks           : 5
 Total Primitive Blocks : 4
 Total Processes        : 17
 Total Traceable Variables  : 29
 Total Scalar Nets and Variables : 207
Total Line Count : 73

 Total Simulation Time: 0.03125 sec

 Current Memory Usage: 5153.67 Meg

Fri Jul 23 09:50:42 2021

