Running: fuse.exe -relaunch -intstyle "ise" -incremental -lib "unisims_ver" -lib "unimacro_ver" -lib "xilinxcorelib_ver" -lib "secureip" -o "C:/Users/kumomomo/Studying/5J/Verilog/i4001/i4004test_isim_beh.exe" -prj "C:/Users/kumomomo/Studying/5J/Verilog/i4001/i4004test_beh.prj" "i4004test" "work.glbl" 
ISim P.20131013 (signature 0x7708f090)
Number of CPUs detected in this system: 8
Turning on mult-threading, number of parallel sub-compilation jobs: 16 
Determining compilation order of HDL files
Analyzing Verilog file "C:/Users/kumomomo/Studying/5J/Verilog/i4001/ipcore_dir/BlockRam4001.v" into library work
Analyzing Verilog file "C:/Users/kumomomo/Studying/5J/Verilog/i4001/SelectorRom.v" into library work
Analyzing Verilog file "C:/Users/kumomomo/Studying/5J/Verilog/i4001/Seg7Divider.v" into library work
Analyzing Verilog file "C:/Users/kumomomo/Studying/5J/Verilog/i4001/MatrixDivider.v" into library work
Analyzing Verilog file "C:/Users/kumomomo/Studying/5J/Verilog/i4001/i4001.v" into library work
Analyzing Verilog file "C:/Users/kumomomo/Studying/5J/Verilog/i4001/segment7.v" into library work
Analyzing Verilog file "C:/Users/kumomomo/Studying/5J/Verilog/i4001/Rom.v" into library work
Analyzing Verilog file "C:/Users/kumomomo/Studying/5J/Verilog/i4001/Matrix.v" into library work
Analyzing Verilog file "C:/Users/kumomomo/Studying/5J/Verilog/i4001/Main.v" into library work
Analyzing Verilog file "C:/Users/kumomomo/Studying/5J/Verilog/i4001/i4004test.v" into library work
Analyzing Verilog file "C:/Xilinx/14.7/ISE_DS/ISE//verilog/src/glbl.v" into library work
Starting static elaboration
Completed static elaboration
Compiling module SelectorRom
Compiling module BLK_MEM_GEN_V7_3_output_stage(C_...
Compiling module BLK_MEM_GEN_V7_3_softecc_output_...
Compiling module BLK_MEM_GEN_V7_3_mem_module(C_CO...
Compiling module BLK_MEM_GEN_V7_3(C_FAMILY="spart...
Compiling module BlockRam4001
Compiling module i4001
Compiling module Rom
Compiling module Seg7Divider
Compiling module Segment7
Compiling module MatrixDivider
Compiling module Matrix
Compiling module Main
Compiling module i4004test
Compiling module glbl
Time Resolution for simulation is 1ps.
Waiting for 1 sub-compilation(s) to finish...
Compiled 15 Verilog Units
Built simulation executable C:/Users/kumomomo/Studying/5J/Verilog/i4001/i4004test_isim_beh.exe
Fuse Memory Usage: 33976 KB
Fuse CPU Usage: 656 ms
