ISim log file
Running: C:\Users\kumomomo\Studying\5J\Verilog\i4001\romTest_isim_beh.exe -intstyle ise -gui -tclbatch isim.cmd -wdb C:/Users/kumomomo/Studying/5J/Verilog/i4001/romTest_isim_beh.wdb 
ISim P.20131013 (signature 0x7708f090)
WARNING: A WEBPACK license was found.
WARNING: Please use Xilinx License Configuration Manager to check out a full ISim license.
WARNING: ISim will run in Lite mode. Please refer to the ISim documentation for more information on the differences between the Lite and the Full version.
This is a Lite version of ISim.
Time resolution is 1 ps
# onerror resume
# wave add /
# run 1000 ns
Simulator is doing circuit initialization process.
Block Memory Generator CORE Generator module romTest.uut.r0.ram.inst.\native_mem_module.blk_mem_gen_v7_3_inst  is using a behavioral model for simulation which will not precisely model memory collision behavior.
Block Memory Generator CORE Generator module romTest.uut.r1.ram.inst.\native_mem_module.blk_mem_gen_v7_3_inst  is using a behavioral model for simulation which will not precisely model memory collision behavior.
Block Memory Generator CORE Generator module romTest.uut.r2.ram.inst.\native_mem_module.blk_mem_gen_v7_3_inst  is using a behavioral model for simulation which will not precisely model memory collision behavior.
Block Memory Generator CORE Generator module romTest.uut.r3.ram.inst.\native_mem_module.blk_mem_gen_v7_3_inst  is using a behavioral model for simulation which will not precisely model memory collision behavior.
Block Memory Generator CORE Generator module romTest.uut.r4.ram.inst.\native_mem_module.blk_mem_gen_v7_3_inst  is using a behavioral model for simulation which will not precisely model memory collision behavior.
Block Memory Generator CORE Generator module romTest.uut.r5.ram.inst.\native_mem_module.blk_mem_gen_v7_3_inst  is using a behavioral model for simulation which will not precisely model memory collision behavior.
Block Memory Generator CORE Generator module romTest.uut.r6.ram.inst.\native_mem_module.blk_mem_gen_v7_3_inst  is using a behavioral model for simulation which will not precisely model memory collision behavior.
Block Memory Generator CORE Generator module romTest.uut.r7.ram.inst.\native_mem_module.blk_mem_gen_v7_3_inst  is using a behavioral model for simulation which will not precisely model memory collision behavior.
Block Memory Generator CORE Generator module romTest.uut.r8.ram.inst.\native_mem_module.blk_mem_gen_v7_3_inst  is using a behavioral model for simulation which will not precisely model memory collision behavior.
Block Memory Generator CORE Generator module romTest.uut.r9.ram.inst.\native_mem_module.blk_mem_gen_v7_3_inst  is using a behavioral model for simulation which will not precisely model memory collision behavior.
Block Memory Generator CORE Generator module romTest.uut.r10.ram.inst.\native_mem_module.blk_mem_gen_v7_3_inst  is using a behavioral model for simulation which will not precisely model memory collision behavior.
Block Memory Generator CORE Generator module romTest.uut.r11.ram.inst.\native_mem_module.blk_mem_gen_v7_3_inst  is using a behavioral model for simulation which will not precisely model memory collision behavior.
Block Memory Generator CORE Generator module romTest.uut.r12.ram.inst.\native_mem_module.blk_mem_gen_v7_3_inst  is using a behavioral model for simulation which will not precisely model memory collision behavior.
Block Memory Generator CORE Generator module romTest.uut.r13.ram.inst.\native_mem_module.blk_mem_gen_v7_3_inst  is using a behavioral model for simulation which will not precisely model memory collision behavior.
Block Memory Generator CORE Generator module romTest.uut.r14.ram.inst.\native_mem_module.blk_mem_gen_v7_3_inst  is using a behavioral model for simulation which will not precisely model memory collision behavior.
Block Memory Generator CORE Generator module romTest.uut.r15.ram.inst.\native_mem_module.blk_mem_gen_v7_3_inst  is using a behavioral model for simulation which will not precisely model memory collision behavior.
Finished circuit initialization process.
# restart
# restart
# run all
Simulator is doing circuit initialization process.
Block Memory Generator CORE Generator module romTest.uut.r0.ram.inst.\native_mem_module.blk_mem_gen_v7_3_inst  is using a behavioral model for simulation which will not precisely model memory collision behavior.
Block Memory Generator CORE Generator module romTest.uut.r1.ram.inst.\native_mem_module.blk_mem_gen_v7_3_inst  is using a behavioral model for simulation which will not precisely model memory collision behavior.
Block Memory Generator CORE Generator module romTest.uut.r2.ram.inst.\native_mem_module.blk_mem_gen_v7_3_inst  is using a behavioral model for simulation which will not precisely model memory collision behavior.
Block Memory Generator CORE Generator module romTest.uut.r3.ram.inst.\native_mem_module.blk_mem_gen_v7_3_inst  is using a behavioral model for simulation which will not precisely model memory collision behavior.
Block Memory Generator CORE Generator module romTest.uut.r4.ram.inst.\native_mem_module.blk_mem_gen_v7_3_inst  is using a behavioral model for simulation which will not precisely model memory collision behavior.
Block Memory Generator CORE Generator module romTest.uut.r5.ram.inst.\native_mem_module.blk_mem_gen_v7_3_inst  is using a behavioral model for simulation which will not precisely model memory collision behavior.
Block Memory Generator CORE Generator module romTest.uut.r6.ram.inst.\native_mem_module.blk_mem_gen_v7_3_inst  is using a behavioral model for simulation which will not precisely model memory collision behavior.
Block Memory Generator CORE Generator module romTest.uut.r7.ram.inst.\native_mem_module.blk_mem_gen_v7_3_inst  is using a behavioral model for simulation which will not precisely model memory collision behavior.
Block Memory Generator CORE Generator module romTest.uut.r8.ram.inst.\native_mem_module.blk_mem_gen_v7_3_inst  is using a behavioral model for simulation which will not precisely model memory collision behavior.
Block Memory Generator CORE Generator module romTest.uut.r9.ram.inst.\native_mem_module.blk_mem_gen_v7_3_inst  is using a behavioral model for simulation which will not precisely model memory collision behavior.
Block Memory Generator CORE Generator module romTest.uut.r10.ram.inst.\native_mem_module.blk_mem_gen_v7_3_inst  is using a behavioral model for simulation which will not precisely model memory collision behavior.
Block Memory Generator CORE Generator module romTest.uut.r11.ram.inst.\native_mem_module.blk_mem_gen_v7_3_inst  is using a behavioral model for simulation which will not precisely model memory collision behavior.
Block Memory Generator CORE Generator module romTest.uut.r12.ram.inst.\native_mem_module.blk_mem_gen_v7_3_inst  is using a behavioral model for simulation which will not precisely model memory collision behavior.
Block Memory Generator CORE Generator module romTest.uut.r13.ram.inst.\native_mem_module.blk_mem_gen_v7_3_inst  is using a behavioral model for simulation which will not precisely model memory collision behavior.
Block Memory Generator CORE Generator module romTest.uut.r14.ram.inst.\native_mem_module.blk_mem_gen_v7_3_inst  is using a behavioral model for simulation which will not precisely model memory collision behavior.
Block Memory Generator CORE Generator module romTest.uut.r15.ram.inst.\native_mem_module.blk_mem_gen_v7_3_inst  is using a behavioral model for simulation which will not precisely model memory collision behavior.
Finished circuit initialization process.
Stopped at time : 2854910100 ps : File "C:/Users/kumomomo/Studying/5J/Verilog/i4001/Rom.v" Line 52
# run all
Stopped at time : 13944690 ns : File "C:/Users/kumomomo/Studying/5J/Verilog/i4001/romTest.v" Line 62
