Running: C:\Xilinx\14.7\ISE_DS\ISE\bin\nt64\unwrapped\fuse.exe -intstyle ise -incremental -lib unisims_ver -lib unimacro_ver -lib xilinxcorelib_ver -lib secureip -o C:/Users/fjsda/Studying/FPGA/Counter5/Counttest_isim_beh.exe -prj C:/Users/fjsda/Studying/FPGA/Counter5/Counttest_beh.prj work.Counttest work.glbl 
ISim P.20131013 (signature 0x7708f090)
Number of CPUs detected in this system: 4
Turning on mult-threading, number of parallel sub-compilation jobs: 8 
Determining compilation order of HDL files
Analyzing Verilog file "C:/Users/fjsda/Studying/FPGA/Counter5/Counter.v" into library work
Analyzing Verilog file "C:/Users/fjsda/Studying/FPGA/Counter5/Counttest.v" into library work
Analyzing Verilog file "C:/Xilinx/14.7/ISE_DS/ISE//verilog/src/glbl.v" into library work
Starting static elaboration
Completed static elaboration
Compiling module Counter
Compiling module Counttest
Compiling module glbl
Time Resolution for simulation is 1ps.
Waiting for 1 sub-compilation(s) to finish...
WARNING:Simulator - Unable to copy libPortabilityNOSH.dll to the simulation executable directory: boost::filesystem::copy_file: 指定されたパスが見つかりません。, "isim\Counttest_isim_beh.exe.sim\libPortability.dll".
Compiled 3 Verilog Units
Built simulation executable C:/Users/fjsda/Studying/FPGA/Counter5/Counttest_isim_beh.exe
Fuse Memory Usage: 28420 KB
Fuse CPU Usage: 764 ms
