Running: C:\Xilinx\14.7\ISE_DS\ISE\bin\nt64\unwrapped\fuse.exe -intstyle ise -incremental -lib unisims_ver -lib unimacro_ver -lib xilinxcorelib_ver -lib secureip -o C:/Users/wasabi/Desktop/temp/final/final/t_main_isim_beh.exe -prj C:/Users/wasabi/Desktop/temp/final/final/t_main_beh.prj work.t_main work.glbl 
ISim P.20131013 (signature 0x7708f090)
Number of CPUs detected in this system: 4
Turning on mult-threading, number of parallel sub-compilation jobs: 8 
Determining compilation order of HDL files
Analyzing Verilog file "C:/Users/wasabi/Desktop/temp/final/final/Switcher.v" into library work
Analyzing Verilog file "C:/Users/wasabi/Desktop/temp/final/final/Selector.v" into library work
Analyzing Verilog file "C:/Users/wasabi/Desktop/temp/final/final/make17.v" into library work
Analyzing Verilog file "C:/Users/wasabi/Desktop/temp/final/final/DivideForDynamicLighting.v" into library work
Analyzing Verilog file "C:/Users/wasabi/Desktop/temp/final/final/disp_select.v" into library work
Analyzing Verilog file "C:/Users/wasabi/Desktop/temp/final/final/Decoder8.v" into library work
Analyzing Verilog file "C:/Users/wasabi/Desktop/temp/final/final/main.v" into library work
Analyzing Verilog file "C:/Users/wasabi/Desktop/temp/final/final/t_main.v" into library work
Analyzing Verilog file "C:/Xilinx/14.7/ISE_DS/ISE//verilog/src/glbl.v" into library work
Starting static elaboration
WARNING:HDLCompiler:189 - "C:/Users/wasabi/Desktop/temp/final/final/main.v" Line 81: Size mismatch in connection of port <ope>. Formal port size is 1-bit while actual signal size is 2-bit.
Completed static elaboration
Compiling module DivideForDynamicLighting
Compiling module Selector
Compiling module Switcher
Compiling module make17
Compiling module disp_select
Compiling module Decoder8
Compiling module main
Compiling module t_main
Compiling module glbl
Time Resolution for simulation is 1ps.
Waiting for 2 sub-compilation(s) to finish...
Compiled 9 Verilog Units
Built simulation executable C:/Users/wasabi/Desktop/temp/final/final/t_main_isim_beh.exe
Fuse Memory Usage: 28316 KB
Fuse CPU Usage: 499 ms
