
****** PlanAhead v14.7
  **** Build 321239 by xbuild on Fri Sep 27 19:31:35 MDT 2013
    ** Copyright 1986-1999, 2001-2013 Xilinx, Inc. All Rights Reserved.

INFO: [Common 17-78] Attempting to get a license: PlanAhead
INFO: [Common 17-290] Got license for PlanAhead
INFO: [Device 21-36] Loading parts and site information from C:/Xilinx/14.7/ISE_DS/PlanAhead/data/parts/arch.xml
Parsing RTL primitives file [C:/Xilinx/14.7/ISE_DS/PlanAhead/data/parts/xilinx/rtl/prims/rtl_prims.xml]
Finished parsing RTL primitives file [C:/Xilinx/14.7/ISE_DS/PlanAhead/data/parts/xilinx/rtl/prims/rtl_prims.xml]
start_gui
source C:/Users/fjsda/Studying/FPGA/FullAdder/pa.fromHdl.tcl
# create_project -name fulladder -dir "C:/Users/fjsda/Studying/FPGA/FullAdder/planAhead_run_1" -part xc6slx9tqg144-2
# set_param project.pinAheadLayout yes
# set srcset [get_property srcset [current_run -impl]]
# set_property target_constrs_file "FullAdder.ucf" [current_fileset -constrset]
Adding file 'C:/Users/fjsda/Studying/FPGA/FullAdder/FullAdder.ucf' to fileset 'constrs_1'
# set hdlfile [add_files [list {FullAdder.v}]]
# set_property file_type Verilog $hdlfile
# set_property library work $hdlfile
# set_property top FullAdder $srcset
# add_files [list {FullAdder.ucf}] -fileset [get_property constrset [current_run]]
# open_rtl_design -part xc6slx9tqg144-2
Using Verific elaboration
Parsing VHDL file "C:/Xilinx/14.7/ISE_DS/PlanAhead/data/parts/xilinx/rtl/lib/synplify/synattr.vhd" into library synplify
Analyzing Verilog file "C:/Users/fjsda/Studying/FPGA/FullAdder/FullAdder.v" into library work
Loading clock regions from C:/Xilinx/14.7/ISE_DS/PlanAhead/data\parts/xilinx/spartan6/spartan6lx/xc6slx9/ClockRegion.xml
Loading clock buffers from C:/Xilinx/14.7/ISE_DS/PlanAhead/data\parts/xilinx/spartan6/spartan6lx/xc6slx9/ClockBuffers.xml
Loading package pin functions from C:/Xilinx/14.7/ISE_DS/PlanAhead/data\parts/xilinx/spartan6/PinFunctions.xml...
Loading package from C:/Xilinx/14.7/ISE_DS/PlanAhead/data\parts/xilinx/spartan6/spartan6lx/xc6slx9/tqg144/Package.xml
Loading io standards from C:/Xilinx/14.7/ISE_DS/PlanAhead/data\./parts/xilinx/spartan6/IOStandards.xml
Loading device configuration modes from C:/Xilinx/14.7/ISE_DS/PlanAhead/data\parts/xilinx/spartan6/ConfigModes.xml
Loading list of drcs for the architecture : C:/Xilinx/14.7/ISE_DS/PlanAhead/data\./parts/xilinx/spartan6/drc.xml
Parsing UCF File [C:/Users/fjsda/Studying/FPGA/FullAdder/FullAdder.ucf]
Finished Parsing UCF File [C:/Users/fjsda/Studying/FPGA/FullAdder/FullAdder.ucf]
INFO: [Project 1-111] Unisim Transformation Summary:
No Unisim elements were transformed.

Phase 0 | Netlist Checksum: 5b73ad15
open_rtl_design: Time (s): elapsed = 00:00:17 . Memory (MB): peak = 485.227 ; gain = 92.711
update_compile_order -fileset sim_1
set_property iostandard LVCMOS33 [get_ports [list A]]
set_property iostandard LVCMOS33 [get_ports [list B]]
set_property iostandard LVCMOS33 [get_ports [list C_I]]
set_property iostandard LVCMOS33 [get_ports [list C_O]]
startgroup
set_property package_pin P98 [get_ports A]
endgroup
startgroup
set_property package_pin P93 [get_ports B]
endgroup
startgroup
set_property package_pin P95 [get_ports C_I]
endgroup
save_constraints
startgroup
set_property package_pin P114 [get_ports C_O]
endgroup
save_constraints
exit
ERROR: [Common 17-39] 'stop_gui' failed due to earlier errors.
INFO: [Common 17-206] Exiting PlanAhead at Fri Nov 13 09:08:34 2020...
INFO: [Common 17-83] Releasing license: PlanAhead
