Command line:
   SelectorRom_isim_beh.exe
     -simmode  gui
     -simrunnum  1
     -socket  64075

Wed Jul 21 22:46:15 2021


 Elaboration Time: 0.046875 sec

 Current Memory Usage: 5154.08 Meg

 Total Signals          : 15
 Total Nets             : 35
 Total Signal Drivers   : 6
 Total Blocks           : 2
 Total Primitive Blocks : 2
 Total Processes        : 8
 Total Traceable Variables  : 19
 Total Scalar Nets and Variables : 131
Total Line Count : 36

 Total Simulation Time: 0.046875 sec

 Current Memory Usage: 5154.08 Meg

Wed Jul 21 22:46:39 2021

