Command line:
   FullSUB_isim_beh.exe
     -simmode  gui
     -simrunnum  1
     -socket  53129

Thu Dec 03 16:04:50 2020


 Elaboration Time: 0.046875 sec

 Current Memory Usage: 5153.62 Meg

 Total Signals          : 32
 Total Nets             : 26
 Total Signal Drivers   : 12
 Total Blocks           : 4
 Total Primitive Blocks : 3
 Total Processes        : 13
 Total Traceable Variables  : 18
 Total Scalar Nets and Variables : 106
Total Line Count : 21
Total Line Count : 21

 Total Simulation Time: 0.09375 sec

 Current Memory Usage: 5153.62 Meg

Thu Dec 03 16:05:12 2020

